p/444.jpg 1 0 0 512 512
p/467.jpg 1 0 0 512 512
p/126.jpg 1 0 0 512 512
p/248.jpg 1 0 0 512 512
p/25.jpg 1 0 0 512 512
p/277.jpg 1 0 0 512 512
p/476.jpg 1 0 0 512 512
p/143.jpg 1 0 0 512 512
p/266.jpg 1 0 0 512 512
p/411.jpg 1 0 0 512 512
p/164.jpg 1 0 0 512 512
p/105.jpg 1 0 0 512 512
p/291.jpg 1 0 0 512 512
p/439.jpg 1 0 0 512 512
p/424.jpg 1 0 0 512 512
p/188.jpg 1 0 0 512 512
p/396.jpg 1 0 0 512 512
p/478.jpg 1 0 0 512 512
p/358.jpg 1 0 0 512 512
p/23.jpg 1 0 0 512 512
p/183.jpg 1 0 0 512 512
p/297.jpg 1 0 0 512 512
p/102.jpg 1 0 0 512 512
p/244.jpg 1 0 0 512 512
p/449.jpg 1 0 0 512 512
p/154.jpg 1 0 0 512 512
p/443.jpg 1 0 0 512 512
p/328.jpg 1 0 0 512 512
p/155.jpg 1 0 0 512 512
p/404.jpg 1 0 0 512 512
p/175.jpg 1 0 0 512 512
p/97.jpg 1 0 0 512 512
p/99.jpg 1 0 0 512 512
p/376.jpg 1 0 0 512 512
p/413.jpg 1 0 0 512 512
p/76.jpg 1 0 0 512 512
p/436.jpg 1 0 0 512 512
p/451.jpg 1 0 0 512 512
p/246.jpg 1 0 0 512 512
p/30.jpg 1 0 0 512 512
p/484.jpg 1 0 0 512 512
p/308.jpg 1 0 0 512 512
p/122.jpg 1 0 0 512 512
p/12.jpg 1 0 0 512 512
p/37.jpg 1 0 0 512 512
p/423.jpg 1 0 0 512 512
p/113.jpg 1 0 0 512 512
p/368.jpg 1 0 0 512 512
p/270.jpg 1 0 0 512 512
p/194.jpg 1 0 0 512 512
p/168.jpg 1 0 0 512 512
p/66.jpg 1 0 0 512 512
p/265.jpg 1 0 0 512 512
p/440.jpg 1 0 0 512 512
p/355.jpg 1 0 0 512 512
p/156.jpg 1 0 0 512 512
p/303.jpg 1 0 0 512 512
p/479.jpg 1 0 0 512 512
p/117.jpg 1 0 0 512 512
p/210.jpg 1 0 0 512 512
p/162.jpg 1 0 0 512 512
p/350.jpg 1 0 0 512 512
p/322.jpg 1 0 0 512 512
p/167.jpg 1 0 0 512 512
p/94.jpg 1 0 0 512 512
p/398.jpg 1 0 0 512 512
p/377.jpg 1 0 0 512 512
p/62.jpg 1 0 0 512 512
p/19.jpg 1 0 0 512 512
p/58.jpg 1 0 0 512 512
p/320.jpg 1 0 0 512 512
p/195.jpg 1 0 0 512 512
p/292.jpg 1 0 0 512 512
p/0.jpg 1 0 0 512 512
p/279.jpg 1 0 0 512 512
p/310.jpg 1 0 0 512 512
p/231.jpg 1 0 0 512 512
p/312.jpg 1 0 0 512 512
p/372.jpg 1 0 0 512 512
p/420.jpg 1 0 0 512 512
p/157.jpg 1 0 0 512 512
p/250.jpg 1 0 0 512 512
p/273.jpg 1 0 0 512 512
p/135.jpg 1 0 0 512 512
p/321.jpg 1 0 0 512 512
p/173.jpg 1 0 0 512 512
p/304.jpg 1 0 0 512 512
p/251.jpg 1 0 0 512 512
p/406.jpg 1 0 0 512 512
p/306.jpg 1 0 0 512 512
p/366.jpg 1 0 0 512 512
p/311.jpg 1 0 0 512 512
p/359.jpg 1 0 0 512 512
p/109.jpg 1 0 0 512 512
p/123.jpg 1 0 0 512 512
p/129.jpg 1 0 0 512 512
p/200.jpg 1 0 0 512 512
p/60.jpg 1 0 0 512 512
p/498.jpg 1 0 0 512 512
p/263.jpg 1 0 0 512 512
p/274.jpg 1 0 0 512 512
p/67.jpg 1 0 0 512 512
p/212.jpg 1 0 0 512 512
p/190.jpg 1 0 0 512 512
p/9.jpg 1 0 0 512 512
p/487.jpg 1 0 0 512 512
p/327.jpg 1 0 0 512 512
p/302.jpg 1 0 0 512 512
p/276.jpg 1 0 0 512 512
p/226.jpg 1 0 0 512 512
p/153.jpg 1 0 0 512 512
p/400.jpg 1 0 0 512 512
p/367.jpg 1 0 0 512 512
p/4.jpg 1 0 0 512 512
p/203.jpg 1 0 0 512 512
p/343.jpg 1 0 0 512 512
p/483.jpg 1 0 0 512 512
p/363.jpg 1 0 0 512 512
p/364.jpg 1 0 0 512 512
p/445.jpg 1 0 0 512 512
p/186.jpg 1 0 0 512 512
p/481.jpg 1 0 0 512 512
p/255.jpg 1 0 0 512 512
p/431.jpg 1 0 0 512 512
p/361.jpg 1 0 0 512 512
p/329.jpg 1 0 0 512 512
p/114.jpg 1 0 0 512 512
p/64.jpg 1 0 0 512 512
p/373.jpg 1 0 0 512 512
p/374.jpg 1 0 0 512 512
p/181.jpg 1 0 0 512 512
p/132.jpg 1 0 0 512 512
p/107.jpg 1 0 0 512 512
p/346.jpg 1 0 0 512 512
p/232.jpg 1 0 0 512 512
p/458.jpg 1 0 0 512 512
p/464.jpg 1 0 0 512 512
p/20.jpg 1 0 0 512 512
p/287.jpg 1 0 0 512 512
p/238.jpg 1 0 0 512 512
p/348.jpg 1 0 0 512 512
p/74.jpg 1 0 0 512 512
p/220.jpg 1 0 0 512 512
p/295.jpg 1 0 0 512 512
p/360.jpg 1 0 0 512 512
p/257.jpg 1 0 0 512 512
p/392.jpg 1 0 0 512 512
p/80.jpg 1 0 0 512 512
p/3.jpg 1 0 0 512 512
p/375.jpg 1 0 0 512 512
p/313.jpg 1 0 0 512 512
p/57.jpg 1 0 0 512 512
p/496.jpg 1 0 0 512 512
p/191.jpg 1 0 0 512 512
p/452.jpg 1 0 0 512 512
p/103.jpg 1 0 0 512 512
p/417.jpg 1 0 0 512 512
p/233.jpg 1 0 0 512 512
p/48.jpg 1 0 0 512 512
p/225.jpg 1 0 0 512 512
p/100.jpg 1 0 0 512 512
p/342.jpg 1 0 0 512 512
p/118.jpg 1 0 0 512 512
p/13.jpg 1 0 0 512 512
p/442.jpg 1 0 0 512 512
p/441.jpg 1 0 0 512 512
p/499.jpg 1 0 0 512 512
p/370.jpg 1 0 0 512 512
p/399.jpg 1 0 0 512 512
p/382.jpg 1 0 0 512 512
p/89.jpg 1 0 0 512 512
p/362.jpg 1 0 0 512 512
p/1.jpg 1 0 0 512 512
p/182.jpg 1 0 0 512 512
p/281.jpg 1 0 0 512 512
p/199.jpg 1 0 0 512 512
p/142.jpg 1 0 0 512 512
p/369.jpg 1 0 0 512 512
p/214.jpg 1 0 0 512 512
p/294.jpg 1 0 0 512 512
p/259.jpg 1 0 0 512 512
p/319.jpg 1 0 0 512 512
p/243.jpg 1 0 0 512 512
p/119.jpg 1 0 0 512 512
p/128.jpg 1 0 0 512 512
p/27.jpg 1 0 0 512 512
p/299.jpg 1 0 0 512 512
p/169.jpg 1 0 0 512 512
p/433.jpg 1 0 0 512 512
p/256.jpg 1 0 0 512 512
p/414.jpg 1 0 0 512 512
p/275.jpg 1 0 0 512 512
p/383.jpg 1 0 0 512 512
p/296.jpg 1 0 0 512 512
p/247.jpg 1 0 0 512 512
p/32.jpg 1 0 0 512 512
p/230.jpg 1 0 0 512 512
p/356.jpg 1 0 0 512 512
p/461.jpg 1 0 0 512 512
p/10.jpg 1 0 0 512 512
p/288.jpg 1 0 0 512 512
p/213.jpg 1 0 0 512 512
p/84.jpg 1 0 0 512 512
p/385.jpg 1 0 0 512 512
p/85.jpg 1 0 0 512 512
p/245.jpg 1 0 0 512 512
p/193.jpg 1 0 0 512 512
p/380.jpg 1 0 0 512 512
p/379.jpg 1 0 0 512 512
p/453.jpg 1 0 0 512 512
p/53.jpg 1 0 0 512 512
p/177.jpg 1 0 0 512 512
p/130.jpg 1 0 0 512 512
p/133.jpg 1 0 0 512 512
p/101.jpg 1 0 0 512 512
p/434.jpg 1 0 0 512 512
p/459.jpg 1 0 0 512 512
p/39.jpg 1 0 0 512 512
p/429.jpg 1 0 0 512 512
p/170.jpg 1 0 0 512 512
p/492.jpg 1 0 0 512 512
p/77.jpg 1 0 0 512 512
p/353.jpg 1 0 0 512 512
p/21.jpg 1 0 0 512 512
p/163.jpg 1 0 0 512 512
p/144.jpg 1 0 0 512 512
p/419.jpg 1 0 0 512 512
p/26.jpg 1 0 0 512 512
p/115.jpg 1 0 0 512 512
p/75.jpg 1 0 0 512 512
p/387.jpg 1 0 0 512 512
p/301.jpg 1 0 0 512 512
p/40.jpg 1 0 0 512 512
p/88.jpg 1 0 0 512 512
p/41.jpg 1 0 0 512 512
p/330.jpg 1 0 0 512 512
p/264.jpg 1 0 0 512 512
p/159.jpg 1 0 0 512 512
p/455.jpg 1 0 0 512 512
p/261.jpg 1 0 0 512 512
p/184.jpg 1 0 0 512 512
p/36.jpg 1 0 0 512 512
p/462.jpg 1 0 0 512 512
p/7.jpg 1 0 0 512 512
p/285.jpg 1 0 0 512 512
p/211.jpg 1 0 0 512 512
p/430.jpg 1 0 0 512 512
p/110.jpg 1 0 0 512 512
p/393.jpg 1 0 0 512 512
p/224.jpg 1 0 0 512 512
p/457.jpg 1 0 0 512 512
p/38.jpg 1 0 0 512 512
p/415.jpg 1 0 0 512 512
p/386.jpg 1 0 0 512 512
p/340.jpg 1 0 0 512 512
p/326.jpg 1 0 0 512 512
p/286.jpg 1 0 0 512 512
p/242.jpg 1 0 0 512 512
p/371.jpg 1 0 0 512 512
p/91.jpg 1 0 0 512 512
p/237.jpg 1 0 0 512 512
p/31.jpg 1 0 0 512 512
p/260.jpg 1 0 0 512 512
p/161.jpg 1 0 0 512 512
p/16.jpg 1 0 0 512 512
p/17.jpg 1 0 0 512 512
p/352.jpg 1 0 0 512 512
p/338.jpg 1 0 0 512 512
p/206.jpg 1 0 0 512 512
p/70.jpg 1 0 0 512 512
p/148.jpg 1 0 0 512 512
p/456.jpg 1 0 0 512 512
p/197.jpg 1 0 0 512 512
p/401.jpg 1 0 0 512 512
p/121.jpg 1 0 0 512 512
p/397.jpg 1 0 0 512 512
p/472.jpg 1 0 0 512 512
p/316.jpg 1 0 0 512 512
p/176.jpg 1 0 0 512 512
p/491.jpg 1 0 0 512 512
p/8.jpg 1 0 0 512 512
p/290.jpg 1 0 0 512 512
p/407.jpg 1 0 0 512 512
p/106.jpg 1 0 0 512 512
p/298.jpg 1 0 0 512 512
p/271.jpg 1 0 0 512 512
p/418.jpg 1 0 0 512 512
p/219.jpg 1 0 0 512 512
p/450.jpg 1 0 0 512 512
p/150.jpg 1 0 0 512 512
p/96.jpg 1 0 0 512 512
p/50.jpg 1 0 0 512 512
p/218.jpg 1 0 0 512 512
p/305.jpg 1 0 0 512 512
p/138.jpg 1 0 0 512 512
p/282.jpg 1 0 0 512 512
p/335.jpg 1 0 0 512 512
p/488.jpg 1 0 0 512 512
p/55.jpg 1 0 0 512 512
p/152.jpg 1 0 0 512 512
p/229.jpg 1 0 0 512 512
p/216.jpg 1 0 0 512 512
p/454.jpg 1 0 0 512 512
p/494.jpg 1 0 0 512 512
p/45.jpg 1 0 0 512 512
p/151.jpg 1 0 0 512 512
p/378.jpg 1 0 0 512 512
p/59.jpg 1 0 0 512 512
p/489.jpg 1 0 0 512 512
p/421.jpg 1 0 0 512 512
p/416.jpg 1 0 0 512 512
p/323.jpg 1 0 0 512 512
p/125.jpg 1 0 0 512 512
p/69.jpg 1 0 0 512 512
p/480.jpg 1 0 0 512 512
p/446.jpg 1 0 0 512 512
p/127.jpg 1 0 0 512 512
p/18.jpg 1 0 0 512 512
p/22.jpg 1 0 0 512 512
p/221.jpg 1 0 0 512 512
p/422.jpg 1 0 0 512 512
p/389.jpg 1 0 0 512 512
p/208.jpg 1 0 0 512 512
p/384.jpg 1 0 0 512 512
p/283.jpg 1 0 0 512 512
p/35.jpg 1 0 0 512 512
p/351.jpg 1 0 0 512 512
p/412.jpg 1 0 0 512 512
p/29.jpg 1 0 0 512 512
p/493.jpg 1 0 0 512 512
p/438.jpg 1 0 0 512 512
p/403.jpg 1 0 0 512 512
p/388.jpg 1 0 0 512 512
p/134.jpg 1 0 0 512 512
p/314.jpg 1 0 0 512 512
p/317.jpg 1 0 0 512 512
p/2.jpg 1 0 0 512 512
p/432.jpg 1 0 0 512 512
p/223.jpg 1 0 0 512 512
p/394.jpg 1 0 0 512 512
p/149.jpg 1 0 0 512 512
p/15.jpg 1 0 0 512 512
p/196.jpg 1 0 0 512 512
p/68.jpg 1 0 0 512 512
p/495.jpg 1 0 0 512 512
p/240.jpg 1 0 0 512 512
p/56.jpg 1 0 0 512 512
p/90.jpg 1 0 0 512 512
p/337.jpg 1 0 0 512 512
p/318.jpg 1 0 0 512 512
p/236.jpg 1 0 0 512 512
p/33.jpg 1 0 0 512 512
p/315.jpg 1 0 0 512 512
p/131.jpg 1 0 0 512 512
p/349.jpg 1 0 0 512 512
p/93.jpg 1 0 0 512 512
p/207.jpg 1 0 0 512 512
p/293.jpg 1 0 0 512 512
p/408.jpg 1 0 0 512 512
p/466.jpg 1 0 0 512 512
p/332.jpg 1 0 0 512 512
p/147.jpg 1 0 0 512 512
p/46.jpg 1 0 0 512 512
p/146.jpg 1 0 0 512 512
p/43.jpg 1 0 0 512 512
p/448.jpg 1 0 0 512 512
p/204.jpg 1 0 0 512 512
p/209.jpg 1 0 0 512 512
p/435.jpg 1 0 0 512 512
p/83.jpg 1 0 0 512 512
p/120.jpg 1 0 0 512 512
p/140.jpg 1 0 0 512 512
p/475.jpg 1 0 0 512 512
p/381.jpg 1 0 0 512 512
p/469.jpg 1 0 0 512 512
p/49.jpg 1 0 0 512 512
p/54.jpg 1 0 0 512 512
p/235.jpg 1 0 0 512 512
p/227.jpg 1 0 0 512 512
p/179.jpg 1 0 0 512 512
p/95.jpg 1 0 0 512 512
p/254.jpg 1 0 0 512 512
p/268.jpg 1 0 0 512 512
p/474.jpg 1 0 0 512 512
p/239.jpg 1 0 0 512 512
p/425.jpg 1 0 0 512 512
p/234.jpg 1 0 0 512 512
p/354.jpg 1 0 0 512 512
p/82.jpg 1 0 0 512 512
p/336.jpg 1 0 0 512 512
p/172.jpg 1 0 0 512 512
p/463.jpg 1 0 0 512 512
p/339.jpg 1 0 0 512 512
p/391.jpg 1 0 0 512 512
p/187.jpg 1 0 0 512 512
p/73.jpg 1 0 0 512 512
p/405.jpg 1 0 0 512 512
p/98.jpg 1 0 0 512 512
p/365.jpg 1 0 0 512 512
p/402.jpg 1 0 0 512 512
p/468.jpg 1 0 0 512 512
p/139.jpg 1 0 0 512 512
p/34.jpg 1 0 0 512 512
p/473.jpg 1 0 0 512 512
p/410.jpg 1 0 0 512 512
p/284.jpg 1 0 0 512 512
p/78.jpg 1 0 0 512 512
p/490.jpg 1 0 0 512 512
p/92.jpg 1 0 0 512 512
p/280.jpg 1 0 0 512 512
p/28.jpg 1 0 0 512 512
p/409.jpg 1 0 0 512 512
p/258.jpg 1 0 0 512 512
p/145.jpg 1 0 0 512 512
p/108.jpg 1 0 0 512 512
p/81.jpg 1 0 0 512 512
p/166.jpg 1 0 0 512 512
p/11.jpg 1 0 0 512 512
p/437.jpg 1 0 0 512 512
p/137.jpg 1 0 0 512 512
p/307.jpg 1 0 0 512 512
p/267.jpg 1 0 0 512 512
p/427.jpg 1 0 0 512 512
p/63.jpg 1 0 0 512 512
p/104.jpg 1 0 0 512 512
p/269.jpg 1 0 0 512 512
p/116.jpg 1 0 0 512 512
p/324.jpg 1 0 0 512 512
p/189.jpg 1 0 0 512 512
p/262.jpg 1 0 0 512 512
p/447.jpg 1 0 0 512 512
p/86.jpg 1 0 0 512 512
p/5.jpg 1 0 0 512 512
p/331.jpg 1 0 0 512 512
p/485.jpg 1 0 0 512 512
p/178.jpg 1 0 0 512 512
p/252.jpg 1 0 0 512 512
p/124.jpg 1 0 0 512 512
p/426.jpg 1 0 0 512 512
p/344.jpg 1 0 0 512 512
p/477.jpg 1 0 0 512 512
p/61.jpg 1 0 0 512 512
p/300.jpg 1 0 0 512 512
p/347.jpg 1 0 0 512 512
p/51.jpg 1 0 0 512 512
p/192.jpg 1 0 0 512 512
p/345.jpg 1 0 0 512 512
p/52.jpg 1 0 0 512 512
p/87.jpg 1 0 0 512 512
p/278.jpg 1 0 0 512 512
p/6.jpg 1 0 0 512 512
p/165.jpg 1 0 0 512 512
p/241.jpg 1 0 0 512 512
p/357.jpg 1 0 0 512 512
p/228.jpg 1 0 0 512 512
p/171.jpg 1 0 0 512 512
p/497.jpg 1 0 0 512 512
p/205.jpg 1 0 0 512 512
p/482.jpg 1 0 0 512 512
p/460.jpg 1 0 0 512 512
p/253.jpg 1 0 0 512 512
p/341.jpg 1 0 0 512 512
p/14.jpg 1 0 0 512 512
p/309.jpg 1 0 0 512 512
p/44.jpg 1 0 0 512 512
p/65.jpg 1 0 0 512 512
p/289.jpg 1 0 0 512 512
p/249.jpg 1 0 0 512 512
p/486.jpg 1 0 0 512 512
p/201.jpg 1 0 0 512 512
p/215.jpg 1 0 0 512 512
p/395.jpg 1 0 0 512 512
p/465.jpg 1 0 0 512 512
p/325.jpg 1 0 0 512 512
p/217.jpg 1 0 0 512 512
p/111.jpg 1 0 0 512 512
p/470.jpg 1 0 0 512 512
p/136.jpg 1 0 0 512 512
p/71.jpg 1 0 0 512 512
p/272.jpg 1 0 0 512 512
p/334.jpg 1 0 0 512 512
p/158.jpg 1 0 0 512 512
p/42.jpg 1 0 0 512 512
p/180.jpg 1 0 0 512 512
p/198.jpg 1 0 0 512 512
p/185.jpg 1 0 0 512 512
p/24.jpg 1 0 0 512 512
p/174.jpg 1 0 0 512 512
p/160.jpg 1 0 0 512 512
p/202.jpg 1 0 0 512 512
p/222.jpg 1 0 0 512 512
p/333.jpg 1 0 0 512 512
p/141.jpg 1 0 0 512 512
p/79.jpg 1 0 0 512 512
p/471.jpg 1 0 0 512 512
p/47.jpg 1 0 0 512 512
p/72.jpg 1 0 0 512 512
p/428.jpg 1 0 0 512 512
p/112.jpg 1 0 0 512 512
p/390.jpg 1 0 0 512 512